<?xml version="1.0" encoding="UTF-8"?>
<testng-results ignored="0" total="1" passed="1" failed="0" skipped="0">
  <reporter-output>
  </reporter-output>
  <suite started-at="2024-04-13T15:08:15 IST" name="Suite" finished-at="2024-04-13T15:08:46 IST" duration-ms="31155">
    <groups>
      <group name="master ">
        <method signature="TC_005CheckOutTestCase.Verify_Checkout()[pri:0, instance:TestCase.TC_005CheckOutTestCase@28dcca0c]" name="Verify_Checkout" class="TestCase.TC_005CheckOutTestCase"/>
      </group> <!-- master  -->
      <group name="sanity">
        <method signature="TC_005CheckOutTestCase.Verify_Checkout()[pri:0, instance:TestCase.TC_005CheckOutTestCase@28dcca0c]" name="Verify_Checkout" class="TestCase.TC_005CheckOutTestCase"/>
      </group> <!-- sanity -->
    </groups>
    <test started-at="2024-04-13T15:08:15 IST" name="Test" finished-at="2024-04-13T15:08:46 IST" duration-ms="31155">
      <class name="TestCase.TC_005CheckOutTestCase">
        <test-method is-config="true" signature="setup(java.lang.String,java.lang.String)[pri:0, instance:TestCase.TC_005CheckOutTestCase@28dcca0c]" started-at="2024-04-13T15:08:15 IST" name="setup" finished-at="2024-04-13T15:08:21 IST" duration-ms="5805" status="PASS">
          <params>
            <param index="0">
              <value>
                <![CDATA[windows]]>
              </value>
            </param>
            <param index="1">
              <value>
                <![CDATA[chrome ]]>
              </value>
            </param>
          </params>
          <reporter-output>
          </reporter-output>
        </test-method> <!-- setup -->
        <test-method signature="Verify_Checkout()[pri:0, instance:TestCase.TC_005CheckOutTestCase@28dcca0c]" started-at="2024-04-13T15:08:21 IST" name="Verify_Checkout" finished-at="2024-04-13T15:08:46 IST" duration-ms="24760" status="PASS">
          <reporter-output>
          </reporter-output>
        </test-method> <!-- Verify_Checkout -->
        <test-method is-config="true" signature="tearDown()[pri:0, instance:TestCase.TC_005CheckOutTestCase@28dcca0c]" started-at="2024-04-13T15:08:46 IST" name="tearDown" finished-at="2024-04-13T15:08:46 IST" duration-ms="180" status="PASS">
          <reporter-output>
          </reporter-output>
        </test-method> <!-- tearDown -->
      </class> <!-- TestCase.TC_005CheckOutTestCase -->
    </test> <!-- Test -->
  </suite> <!-- Suite -->
</testng-results>
